mode: set
shaffra_assessment/buggy_project.go:17.13,24.2 4 0
shaffra_assessment/buggy_project.go:26.55,29.12 2 0
shaffra_assessment/buggy_project.go:29.12,35.19 4 0
shaffra_assessment/buggy_project.go:35.19,39.4 3 0
shaffra_assessment/buggy_project.go:42.2,42.11 1 0
shaffra_assessment/buggy_project.go:45.57,48.12 2 0
shaffra_assessment/buggy_project.go:48.12,56.17 5 0
shaffra_assessment/buggy_project.go:56.17,59.4 2 0
shaffra_assessment/buggy_project.go:61.3,61.59 1 0
shaffra_assessment/buggy_project.go:64.2,64.11 1 0
shaffra_assessment/cmd/main.go:9.13,13.2 2 0
shaffra_assessment/cmd/server/router.go:11.60,18.2 4 0
shaffra_assessment/cmd/server/router.go:18.2,24.3 5 0
shaffra_assessment/cmd/server/router.go:26.2,26.15 1 0
shaffra_assessment/cmd/server/router.go:29.53,34.2 3 0
shaffra_assessment/cmd/server/server.go:21.14,26.16 3 0
shaffra_assessment/cmd/server/server.go:26.16,28.3 1 0
shaffra_assessment/cmd/server/server.go:29.2,39.16 4 0
shaffra_assessment/cmd/server/server.go:39.16,41.3 1 0
shaffra_assessment/cmd/server/server.go:43.2,46.17 3 0
shaffra_assessment/cmd/server/server.go:46.17,48.3 1 0
shaffra_assessment/cmd/server/server.go:49.2,56.12 2 0
shaffra_assessment/cmd/server/server.go:56.12,57.87 1 0
shaffra_assessment/cmd/server/server.go:57.87,59.4 1 0
shaffra_assessment/cmd/server/server.go:62.2,63.23 2 0
shaffra_assessment/cmd/server/server.go:66.41,81.42 7 0
shaffra_assessment/cmd/server/server.go:81.42,83.3 1 0
shaffra_assessment/cmd/server/server.go:84.2,84.31 1 0
shaffra_assessment/config/config.go:23.39,26.16 3 0
shaffra_assessment/config/config.go:26.16,28.3 1 0
shaffra_assessment/config/config.go:29.2,30.16 2 0
shaffra_assessment/config/config.go:30.16,32.3 1 0
shaffra_assessment/config/config.go:34.2,34.16 1 0
shaffra_assessment/config/config.go:34.16,36.3 1 0
shaffra_assessment/config/config.go:38.2,38.18 1 0
shaffra_assessment/internal/controller/handler.go:24.89,28.2 3 0
shaffra_assessment/internal/controller/handler.go:31.28,32.12 1 0
shaffra_assessment/internal/controller/handler.go:32.12,33.38 1 0
shaffra_assessment/internal/controller/handler.go:33.38,35.4 1 0
shaffra_assessment/internal/controller/handler.go:40.40,48.2 4 0
shaffra_assessment/internal/controller/user.go:14.46,22.16 6 0
shaffra_assessment/internal/controller/user.go:22.16,25.3 2 0
shaffra_assessment/internal/controller/user.go:27.2,29.12 2 0
shaffra_assessment/internal/controller/user.go:29.12,35.3 3 0
shaffra_assessment/internal/controller/user.go:37.2,39.20 2 0
shaffra_assessment/internal/controller/user.go:39.20,42.3 2 0
shaffra_assessment/internal/controller/user.go:43.2,43.64 1 0
shaffra_assessment/internal/controller/user.go:47.43,58.12 6 0
shaffra_assessment/internal/controller/user.go:58.12,65.3 3 0
shaffra_assessment/internal/controller/user.go:67.2,69.20 2 0
shaffra_assessment/internal/controller/user.go:69.20,72.3 2 0
shaffra_assessment/internal/controller/user.go:74.2,74.70 1 0
shaffra_assessment/internal/controller/user.go:79.46,91.16 7 0
shaffra_assessment/internal/controller/user.go:91.16,94.3 2 0
shaffra_assessment/internal/controller/user.go:96.2,98.12 2 0
shaffra_assessment/internal/controller/user.go:98.12,103.3 3 0
shaffra_assessment/internal/controller/user.go:105.2,107.20 2 0
shaffra_assessment/internal/controller/user.go:107.20,110.3 2 0
shaffra_assessment/internal/controller/user.go:112.2,112.68 1 0
shaffra_assessment/internal/controller/user.go:117.46,128.12 6 0
shaffra_assessment/internal/controller/user.go:128.12,134.3 3 0
shaffra_assessment/internal/controller/user.go:136.2,138.20 2 0
shaffra_assessment/internal/controller/user.go:138.20,141.3 2 0
shaffra_assessment/internal/controller/user.go:143.2,143.67 1 0
shaffra_assessment/internal/pkg/web/response.go:8.84,10.16 2 0
shaffra_assessment/internal/pkg/web/response.go:10.16,12.3 1 0
shaffra_assessment/internal/pkg/web/response.go:13.2,20.30 2 0
shaffra_assessment/internal/models/model.go:17.56,22.16 4 0
shaffra_assessment/internal/models/model.go:22.16,24.3 1 0
shaffra_assessment/internal/models/model.go:25.2,25.8 1 0
shaffra_assessment/internal/repository/mocks/repository_mock.go:27.73,31.2 3 0
shaffra_assessment/internal/repository/mocks/repository_mock.go:34.71,36.2 1 0
shaffra_assessment/internal/repository/mocks/repository_mock.go:39.99,45.2 5 0
shaffra_assessment/internal/repository/mocks/repository_mock.go:48.92,51.2 2 0
shaffra_assessment/internal/repository/mocks/repository_mock.go:54.81,59.2 4 0
shaffra_assessment/internal/repository/mocks/repository_mock.go:62.90,65.2 2 0
shaffra_assessment/internal/repository/mocks/repository_mock.go:68.96,74.2 5 0
shaffra_assessment/internal/repository/mocks/repository_mock.go:77.89,80.2 2 0
shaffra_assessment/internal/repository/mocks/repository_mock.go:83.102,88.2 4 0
shaffra_assessment/internal/repository/mocks/repository_mock.go:91.98,94.2 2 0
shaffra_assessment/internal/service/service.go:15.56,19.2 1 0
shaffra_assessment/internal/service/user.go:12.86,14.16 2 0
shaffra_assessment/internal/service/user.go:14.16,15.59 1 0
shaffra_assessment/internal/service/user.go:15.59,17.4 1 0
shaffra_assessment/internal/service/user.go:18.3,18.58 1 0
shaffra_assessment/internal/service/user.go:21.2,21.16 1 0
shaffra_assessment/internal/service/user.go:25.85,27.16 2 0
shaffra_assessment/internal/service/user.go:27.16,29.3 1 0
shaffra_assessment/internal/service/user.go:31.2,31.18 1 0
shaffra_assessment/internal/service/user.go:35.91,38.16 2 0
shaffra_assessment/internal/service/user.go:38.16,40.3 1 0
shaffra_assessment/internal/service/user.go:41.2,41.21 1 0
shaffra_assessment/internal/service/user.go:41.21,43.3 1 0
shaffra_assessment/internal/service/user.go:44.2,44.22 1 0
shaffra_assessment/internal/service/user.go:44.22,46.3 1 0
shaffra_assessment/internal/service/user.go:47.2,47.19 1 0
shaffra_assessment/internal/service/user.go:47.19,49.3 1 0
shaffra_assessment/internal/service/user.go:51.2,52.16 2 0
shaffra_assessment/internal/service/user.go:52.16,54.3 1 0
shaffra_assessment/internal/service/user.go:56.2,56.12 1 0
shaffra_assessment/internal/service/user.go:60.70,62.16 2 0
shaffra_assessment/internal/service/user.go:62.16,64.3 1 0
shaffra_assessment/internal/service/user.go:66.2,66.12 1 0
shaffra_assessment/internal/repository/db.go:18.58,23.23 3 0
shaffra_assessment/internal/repository/db.go:23.23,26.3 1 0
shaffra_assessment/internal/repository/db.go:26.8,28.3 1 0
shaffra_assessment/internal/repository/db.go:30.2,31.16 2 0
shaffra_assessment/internal/repository/db.go:31.16,33.3 1 0
shaffra_assessment/internal/repository/db.go:35.2,40.16 4 0
shaffra_assessment/internal/repository/db.go:40.16,43.3 2 0
shaffra_assessment/internal/repository/db.go:45.2,46.12 2 0
shaffra_assessment/internal/repository/db.go:49.46,50.23 1 0
shaffra_assessment/internal/repository/db.go:50.23,52.17 2 0
shaffra_assessment/internal/repository/db.go:52.17,54.4 1 0
shaffra_assessment/internal/repository/db.go:56.3,56.21 1 0
shaffra_assessment/internal/repository/db.go:58.2,58.12 1 0
shaffra_assessment/internal/repository/db.go:61.68,62.23 1 0
shaffra_assessment/internal/repository/db.go:62.23,64.3 1 0
shaffra_assessment/internal/repository/db.go:66.2,66.26 1 0
shaffra_assessment/internal/repository/user.go:10.91,12.16 2 0
shaffra_assessment/internal/repository/user.go:12.16,14.3 1 0
shaffra_assessment/internal/repository/user.go:15.2,15.23 1 0
shaffra_assessment/internal/repository/user.go:19.88,21.91 2 0
shaffra_assessment/internal/repository/user.go:21.91,23.3 1 0
shaffra_assessment/internal/repository/user.go:24.2,24.20 1 0
shaffra_assessment/internal/repository/user.go:28.94,30.35 1 0
shaffra_assessment/internal/repository/user.go:30.35,32.3 1 0
shaffra_assessment/internal/repository/user.go:34.2,34.12 1 0
shaffra_assessment/internal/repository/user.go:38.73,41.16 3 0
shaffra_assessment/internal/repository/user.go:41.16,43.3 1 0
shaffra_assessment/internal/repository/user.go:44.2,44.12 1 0
shaffra_assessment/internal/models/model.go:17.56,22.16 4 0
shaffra_assessment/internal/models/model.go:22.16,24.3 1 0
shaffra_assessment/internal/models/model.go:25.2,25.8 1 0
shaffra_assessment/internal/pkg/web/response.go:8.84,10.16 2 1
shaffra_assessment/internal/pkg/web/response.go:10.16,12.3 1 0
shaffra_assessment/internal/pkg/web/response.go:13.2,20.30 2 1
shaffra_assessment/cmd/server/router.go:11.60,18.2 4 1
shaffra_assessment/cmd/server/router.go:18.2,24.3 5 1
shaffra_assessment/cmd/server/router.go:26.2,26.15 1 1
shaffra_assessment/cmd/server/router.go:29.53,34.2 3 1
shaffra_assessment/cmd/server/server.go:21.14,26.16 3 0
shaffra_assessment/cmd/server/server.go:26.16,28.3 1 0
shaffra_assessment/cmd/server/server.go:29.2,39.16 4 0
shaffra_assessment/cmd/server/server.go:39.16,41.3 1 0
shaffra_assessment/cmd/server/server.go:43.2,46.17 3 0
shaffra_assessment/cmd/server/server.go:46.17,48.3 1 0
shaffra_assessment/cmd/server/server.go:49.2,56.12 2 0
shaffra_assessment/cmd/server/server.go:56.12,57.87 1 0
shaffra_assessment/cmd/server/server.go:57.87,59.4 1 0
shaffra_assessment/cmd/server/server.go:62.2,63.23 2 0
shaffra_assessment/cmd/server/server.go:66.41,81.42 7 0
shaffra_assessment/cmd/server/server.go:81.42,83.3 1 0
shaffra_assessment/cmd/server/server.go:84.2,84.31 1 0
shaffra_assessment/config/config.go:23.39,26.16 3 0
shaffra_assessment/config/config.go:26.16,28.3 1 0
shaffra_assessment/config/config.go:29.2,30.16 2 0
shaffra_assessment/config/config.go:30.16,32.3 1 0
shaffra_assessment/config/config.go:34.2,34.16 1 0
shaffra_assessment/config/config.go:34.16,36.3 1 0
shaffra_assessment/config/config.go:38.2,38.18 1 0
shaffra_assessment/internal/controller/handler.go:24.89,28.2 3 1
shaffra_assessment/internal/controller/handler.go:31.28,32.12 1 1
shaffra_assessment/internal/controller/handler.go:32.12,33.38 1 1
shaffra_assessment/internal/controller/handler.go:33.38,35.4 1 1
shaffra_assessment/internal/controller/handler.go:40.40,48.2 4 0
shaffra_assessment/internal/controller/user.go:14.46,22.16 6 1
shaffra_assessment/internal/controller/user.go:22.16,25.3 2 0
shaffra_assessment/internal/controller/user.go:27.2,29.12 2 1
shaffra_assessment/internal/controller/user.go:29.12,35.3 3 1
shaffra_assessment/internal/controller/user.go:37.2,39.20 2 1
shaffra_assessment/internal/controller/user.go:39.20,42.3 2 1
shaffra_assessment/internal/controller/user.go:43.2,43.64 1 1
shaffra_assessment/internal/controller/user.go:47.43,58.12 6 1
shaffra_assessment/internal/controller/user.go:58.12,65.3 3 1
shaffra_assessment/internal/controller/user.go:67.2,69.20 2 1
shaffra_assessment/internal/controller/user.go:69.20,72.3 2 1
shaffra_assessment/internal/controller/user.go:74.2,74.70 1 1
shaffra_assessment/internal/controller/user.go:79.46,91.16 7 1
shaffra_assessment/internal/controller/user.go:91.16,94.3 2 0
shaffra_assessment/internal/controller/user.go:96.2,98.12 2 1
shaffra_assessment/internal/controller/user.go:98.12,103.3 3 1
shaffra_assessment/internal/controller/user.go:105.2,107.20 2 1
shaffra_assessment/internal/controller/user.go:107.20,110.3 2 1
shaffra_assessment/internal/controller/user.go:112.2,112.68 1 1
shaffra_assessment/internal/controller/user.go:117.46,128.12 6 1
shaffra_assessment/internal/controller/user.go:128.12,134.3 3 1
shaffra_assessment/internal/controller/user.go:136.2,138.20 2 1
shaffra_assessment/internal/controller/user.go:138.20,141.3 2 1
shaffra_assessment/internal/controller/user.go:143.2,143.67 1 1
shaffra_assessment/internal/models/model.go:17.56,22.16 4 0
shaffra_assessment/internal/models/model.go:22.16,24.3 1 0
shaffra_assessment/internal/models/model.go:25.2,25.8 1 0
shaffra_assessment/internal/pkg/web/response.go:8.84,10.16 2 1
shaffra_assessment/internal/pkg/web/response.go:10.16,12.3 1 1
shaffra_assessment/internal/pkg/web/response.go:13.2,20.30 2 1
shaffra_assessment/internal/repository/db.go:18.58,23.23 3 0
shaffra_assessment/internal/repository/db.go:23.23,26.3 1 0
shaffra_assessment/internal/repository/db.go:26.8,28.3 1 0
shaffra_assessment/internal/repository/db.go:30.2,31.16 2 0
shaffra_assessment/internal/repository/db.go:31.16,33.3 1 0
shaffra_assessment/internal/repository/db.go:35.2,40.16 4 0
shaffra_assessment/internal/repository/db.go:40.16,43.3 2 0
shaffra_assessment/internal/repository/db.go:45.2,46.12 2 0
shaffra_assessment/internal/repository/db.go:49.46,50.23 1 0
shaffra_assessment/internal/repository/db.go:50.23,52.17 2 0
shaffra_assessment/internal/repository/db.go:52.17,54.4 1 0
shaffra_assessment/internal/repository/db.go:56.3,56.21 1 0
shaffra_assessment/internal/repository/db.go:58.2,58.12 1 0
shaffra_assessment/internal/repository/db.go:61.68,62.23 1 0
shaffra_assessment/internal/repository/db.go:62.23,64.3 1 0
shaffra_assessment/internal/repository/db.go:66.2,66.26 1 0
shaffra_assessment/internal/repository/user.go:10.91,12.16 2 0
shaffra_assessment/internal/repository/user.go:12.16,14.3 1 0
shaffra_assessment/internal/repository/user.go:15.2,15.23 1 0
shaffra_assessment/internal/repository/user.go:19.88,21.91 2 0
shaffra_assessment/internal/repository/user.go:21.91,23.3 1 0
shaffra_assessment/internal/repository/user.go:24.2,24.20 1 0
shaffra_assessment/internal/repository/user.go:28.94,30.35 1 0
shaffra_assessment/internal/repository/user.go:30.35,32.3 1 0
shaffra_assessment/internal/repository/user.go:34.2,34.12 1 0
shaffra_assessment/internal/repository/user.go:38.73,41.16 3 0
shaffra_assessment/internal/repository/user.go:41.16,43.3 1 0
shaffra_assessment/internal/repository/user.go:44.2,44.12 1 0
shaffra_assessment/internal/repository/mocks/repository_mock.go:27.73,31.2 3 1
shaffra_assessment/internal/repository/mocks/repository_mock.go:34.71,36.2 1 1
shaffra_assessment/internal/repository/mocks/repository_mock.go:39.99,45.2 5 1
shaffra_assessment/internal/repository/mocks/repository_mock.go:48.92,51.2 2 1
shaffra_assessment/internal/repository/mocks/repository_mock.go:54.81,59.2 4 1
shaffra_assessment/internal/repository/mocks/repository_mock.go:62.90,65.2 2 1
shaffra_assessment/internal/repository/mocks/repository_mock.go:68.96,74.2 5 1
shaffra_assessment/internal/repository/mocks/repository_mock.go:77.89,80.2 2 1
shaffra_assessment/internal/repository/mocks/repository_mock.go:83.102,88.2 4 1
shaffra_assessment/internal/repository/mocks/repository_mock.go:91.98,94.2 2 1
shaffra_assessment/internal/service/service.go:15.56,19.2 1 1
shaffra_assessment/internal/service/user.go:12.86,14.16 2 1
shaffra_assessment/internal/service/user.go:14.16,15.59 1 1
shaffra_assessment/internal/service/user.go:15.59,17.4 1 0
shaffra_assessment/internal/service/user.go:18.3,18.58 1 1
shaffra_assessment/internal/service/user.go:21.2,21.16 1 1
shaffra_assessment/internal/service/user.go:25.85,27.16 2 1
shaffra_assessment/internal/service/user.go:27.16,29.3 1 1
shaffra_assessment/internal/service/user.go:31.2,31.18 1 1
shaffra_assessment/internal/service/user.go:35.91,38.16 2 1
shaffra_assessment/internal/service/user.go:38.16,40.3 1 1
shaffra_assessment/internal/service/user.go:41.2,41.21 1 1
shaffra_assessment/internal/service/user.go:41.21,43.3 1 1
shaffra_assessment/internal/service/user.go:44.2,44.22 1 1
shaffra_assessment/internal/service/user.go:44.22,46.3 1 1
shaffra_assessment/internal/service/user.go:47.2,47.19 1 1
shaffra_assessment/internal/service/user.go:47.19,49.3 1 1
shaffra_assessment/internal/service/user.go:51.2,52.16 2 1
shaffra_assessment/internal/service/user.go:52.16,54.3 1 1
shaffra_assessment/internal/service/user.go:56.2,56.12 1 1
shaffra_assessment/internal/service/user.go:60.70,62.16 2 1
shaffra_assessment/internal/service/user.go:62.16,64.3 1 1
shaffra_assessment/internal/service/user.go:66.2,66.12 1 1
